<?xml version="1.0" encoding="UTF-8"?>
<!-- Generated by org.testng.reporters.JUnitReportReporter -->
<testsuite hostname="SwetasLP" failures="0" tests="1" name="test.com.TjmaxTest" time="13.282" errors="0" timestamp="21 May 2023 00:01:20 GMT">
  <testcase classname="test.com.TjmaxTest" name="testLoginTestCase1" time="13.282"/>
</testsuite> <!-- test.com.TjmaxTest -->
