<?xml version="1.0" encoding="UTF-8"?>
<!-- Generated by org.testng.reporters.JUnitReportReporter -->
<testsuite hostname="SwetasLP" failures="0" tests="1" name="test.com.LoginTest" time="8.929" errors="0" timestamp="22 May 2023 21:59:01 GMT">
  <testcase classname="test.com.LoginTest" name="testUsernameTestCase1" time="8.929"/>
</testsuite> <!-- test.com.LoginTest -->
